<?xml version="1.0" encoding="UTF-8"?>
<coverage generated="1641625181662" clover="3.2.0">
  <project timestamp="1641625181663" name="All files">
    <metrics statements="12" coveredstatements="12" conditionals="0" coveredconditionals="0" methods="8" coveredmethods="8" elements="20" coveredelements="20" complexity="0" loc="12" ncloc="12" packages="1" files="2" classes="2"/>
    <file name="github-user-list-item.vue" path="D:\Ngoding\jabar-coding-camp\tugas dan materi\Testing\exercise-vue-testing\src\components\exercise\github-user-list-item.vue">
      <metrics statements="4" coveredstatements="4" conditionals="0" coveredconditionals="0" methods="3" coveredmethods="3"/>
      <line num="52" count="4" type="stmt"/>
      <line num="53" count="4" type="stmt"/>
      <line num="58" count="1" type="stmt"/>
      <line num="61" count="1" type="stmt"/>
    </file>
    <file name="github-user-list.vue" path="D:\Ngoding\jabar-coding-camp\tugas dan materi\Testing\exercise-vue-testing\src\components\exercise\github-user-list.vue">
      <metrics statements="8" coveredstatements="8" conditionals="0" coveredconditionals="0" methods="5" coveredmethods="5"/>
      <line num="19" count="1" type="stmt"/>
      <line num="23" count="2" type="stmt"/>
      <line num="26" count="3" type="stmt"/>
      <line num="35" count="1" type="stmt"/>
      <line num="39" count="1" type="stmt"/>
      <line num="40" count="1" type="stmt"/>
      <line num="41" count="1" type="stmt"/>
      <line num="45" count="1" type="stmt"/>
    </file>
  </project>
</coverage>
