TN:
SF:D:\Ngoding\jabar-coding-camp\tugas dan materi\Testing\exercise-vue-testing\src\components\exercise\github-user-list-item.vue
FN:51,(anonymous_1)
FN:57,(anonymous_2)
FN:60,(anonymous_3)
FNF:3
FNH:3
FNDA:4,(anonymous_1)
FNDA:1,(anonymous_2)
FNDA:1,(anonymous_3)
DA:52,4
DA:53,4
DA:58,1
DA:61,1
LF:4
LH:4
BRF:0
BRH:0
end_of_record
TN:
SF:D:\Ngoding\jabar-coding-camp\tugas dan materi\Testing\exercise-vue-testing\src\components\exercise\github-user-list.vue
FN:23,(anonymous_1)
FN:25,(anonymous_3)
FN:34,(anonymous_4)
FN:38,(anonymous_5)
FN:44,(anonymous_6)
FNF:5
FNH:5
FNDA:2,(anonymous_1)
FNDA:3,(anonymous_3)
FNDA:1,(anonymous_4)
FNDA:1,(anonymous_5)
FNDA:1,(anonymous_6)
DA:19,1
DA:23,2
DA:26,3
DA:35,1
DA:39,1
DA:40,1
DA:41,1
DA:45,1
LF:8
LH:8
BRF:0
BRH:0
end_of_record
